app/build/intermediates/manifest_merge_blame_file/release/processReleaseMainManifest/manifest-merger-blame-release-report.txt
1<?xml version="1.0" encoding="utf-8"?>
2<manifest xmlns:android="http://schemas.android.com/apk/res/android"
3    package="com.example.raybanvision"
4    android:versionCode="1"
5    android:versionName="1.0" >
6
7    <uses-sdk
8        android:minSdkVersion="31"
9        android:targetSdkVersion="36" />
10
11    <uses-permission android:name="android.permission.BLUETOOTH" />
11-->src\main\AndroidManifest.xml:4:5-68
11-->src\main\AndroidManifest.xml:4:22-65
12    <uses-permission android:name="android.permission.BLUETOOTH_CONNECT" />
12-->src\main\AndroidManifest.xml:5:5-76
12-->src\main\AndroidManifest.xml:5:22-73
13    <uses-permission android:name="android.permission.CAMERA" />
13-->src\main\AndroidManifest.xml:6:5-65
13-->src\main\AndroidManifest.xml:6:22-62
14    <uses-permission android:name="android.permission.INTERNET" />
14-->src\main\AndroidManifest.xml:7:5-67
14-->src\main\AndroidManifest.xml:7:22-64
15
16    <uses-feature
16-->src\main\AndroidManifest.xml:9:5-85
17        android:name="android.hardware.camera"
17-->src\main\AndroidManifest.xml:9:19-57
18        android:required="false" />
18-->src\main\AndroidManifest.xml:9:58-82
19
20    <queries>
20-->[com.meta.wearable:mwdat-core:0.8.0] AndroidManifest.xml:15:5-18:15
21        <package android:name="com.facebook.stella" />
21-->[com.meta.wearable:mwdat-core:0.8.0] AndroidManifest.xml:16:9-55
21-->[com.meta.wearable:mwdat-core:0.8.0] AndroidManifest.xml:16:18-52
22        <package android:name="com.facebook.stella_debug" />
22-->[com.meta.wearable:mwdat-core:0.8.0] AndroidManifest.xml:17:9-61
22-->[com.meta.wearable:mwdat-core:0.8.0] AndroidManifest.xml:17:18-58
23    </queries>
24
25    <permission
25-->[androidx.core:core:1.18.0] AndroidManifest.xml:22:5-24:47
26        android:name="com.example.raybanvision.DYNAMIC_RECEIVER_NOT_EXPORTED_PERMISSION"
26-->[androidx.core:core:1.18.0] AndroidManifest.xml:23:9-81
27        android:protectionLevel="signature" />
27-->[androidx.core:core:1.18.0] AndroidManifest.xml:24:9-44
28
29    <uses-permission android:name="com.example.raybanvision.DYNAMIC_RECEIVER_NOT_EXPORTED_PERMISSION" />
29-->[androidx.core:core:1.18.0] AndroidManifest.xml:26:5-97
29-->[androidx.core:core:1.18.0] AndroidManifest.xml:26:22-94
30
31    <application
31-->src\main\AndroidManifest.xml:11:5-57:19
32        android:allowBackup="false"
32-->src\main\AndroidManifest.xml:12:9-36
33        android:appComponentFactory="androidx.core.app.CoreComponentFactory"
33-->[androidx.core:core:1.18.0] AndroidManifest.xml:28:18-86
34        android:extractNativeLibs="false"
35        android:label="@string/app_name"
35-->src\main\AndroidManifest.xml:13:9-41
36        android:supportsRtl="true"
36-->src\main\AndroidManifest.xml:14:9-35
37        android:theme="@style/Theme.RayBanVision"
37-->src\main\AndroidManifest.xml:16:9-50
38        android:usesCleartextTraffic="true" >
38-->src\main\AndroidManifest.xml:15:9-44
39
40        <!-- DAT SDK: Developer Mode용으로 0/0 사용. 프로덕션에서는 Wearables Developer Center 값으로 교체. -->
41        <meta-data
42            android:name="com.meta.wearable.mwdat.APPLICATION_ID"
42-->src\main\AndroidManifest.xml:20:13-66
43            android:value="0" />
43-->src\main\AndroidManifest.xml:21:13-52
44        <meta-data
45            android:name="com.meta.wearable.mwdat.CLIENT_TOKEN"
45-->src\main\AndroidManifest.xml:23:13-64
46            android:value="0" />
46-->src\main\AndroidManifest.xml:24:13-50
47        <!-- Display 글라스 기능 활성화 -->
48        <meta-data
48-->src\main\AndroidManifest.xml:26:9-28:36
49            android:name="com.meta.wearable.mwdat.DAM_ENABLED"
49-->src\main\AndroidManifest.xml:27:13-63
50            android:value="true" />
50-->src\main\AndroidManifest.xml:28:13-33
51
52        <activity
52-->src\main\AndroidManifest.xml:30:9-46:20
53            android:name="com.example.raybanvision.MainActivity"
53-->src\main\AndroidManifest.xml:31:13-41
54            android:exported="true"
54-->src\main\AndroidManifest.xml:32:13-36
55            android:screenOrientation="portrait"
55-->src\main\AndroidManifest.xml:33:13-49
56            android:theme="@style/Theme.RayBanVision" >
56-->src\main\AndroidManifest.xml:34:13-54
57            <intent-filter>
57-->src\main\AndroidManifest.xml:35:13-38:29
58                <action android:name="android.intent.action.MAIN" />
58-->src\main\AndroidManifest.xml:36:17-69
58-->src\main\AndroidManifest.xml:36:25-66
59
60                <category android:name="android.intent.category.LAUNCHER" />
60-->src\main\AndroidManifest.xml:37:17-77
60-->src\main\AndroidManifest.xml:37:27-74
61            </intent-filter>
62            <!-- Meta AI 앱 등록 콜백 URI -->
63            <intent-filter>
63-->src\main\AndroidManifest.xml:40:13-45:29
64                <action android:name="android.intent.action.VIEW" />
64-->src\main\AndroidManifest.xml:41:17-69
64-->src\main\AndroidManifest.xml:41:25-66
65
66                <category android:name="android.intent.category.BROWSABLE" />
66-->src\main\AndroidManifest.xml:42:17-78
66-->src\main\AndroidManifest.xml:42:27-75
67                <category android:name="android.intent.category.DEFAULT" />
67-->src\main\AndroidManifest.xml:43:17-76
67-->src\main\AndroidManifest.xml:43:27-73
68
69                <data android:scheme="raybanvision" />
69-->src\main\AndroidManifest.xml:44:17-55
69-->src\main\AndroidManifest.xml:44:23-52
70            </intent-filter>
71        </activity>
72
73        <provider
74            android:name="androidx.core.content.FileProvider"
74-->src\main\AndroidManifest.xml:49:13-62
75            android:authorities="com.example.raybanvision.fileprovider"
75-->src\main\AndroidManifest.xml:50:13-64
76            android:exported="false"
76-->src\main\AndroidManifest.xml:51:13-37
77            android:grantUriPermissions="true" >
77-->src\main\AndroidManifest.xml:52:13-47
78            <meta-data
78-->src\main\AndroidManifest.xml:53:13-55:54
79                android:name="android.support.FILE_PROVIDER_PATHS"
79-->src\main\AndroidManifest.xml:54:17-67
80                android:resource="@xml/file_paths" />
80-->src\main\AndroidManifest.xml:55:17-51
81        </provider>
82
83        <service
83-->[com.meta.wearable:mwdat-core:0.8.0] AndroidManifest.xml:21:9-29:19
84            android:name="com.meta.wearable.acdc.sdk.service.ACDCRegistrationService"
84-->[com.meta.wearable:mwdat-core:0.8.0] AndroidManifest.xml:22:13-86
85            android:exported="true" >
85-->[com.meta.wearable:mwdat-core:0.8.0] AndroidManifest.xml:23:13-36
86            <intent-filter>
86-->[com.meta.wearable:mwdat-core:0.8.0] AndroidManifest.xml:24:13-28:29
87                <action android:name="com.meta.wearable.acdc.sdk.service.ACDCRegistrationService.BIND" />
87-->[com.meta.wearable:mwdat-core:0.8.0] AndroidManifest.xml:25:17-106
87-->[com.meta.wearable:mwdat-core:0.8.0] AndroidManifest.xml:25:25-103
88
89                <category android:name="android.intent.category.DEFAULT" />
89-->src\main\AndroidManifest.xml:43:17-76
89-->src\main\AndroidManifest.xml:43:27-73
90            </intent-filter>
91        </service>
92
93        <uses-library
93-->[androidx.window:window:1.5.0] AndroidManifest.xml:23:9-25:40
94            android:name="androidx.window.extensions"
94-->[androidx.window:window:1.5.0] AndroidManifest.xml:24:13-54
95            android:required="false" />
95-->[androidx.window:window:1.5.0] AndroidManifest.xml:25:13-37
96        <uses-library
96-->[androidx.window:window:1.5.0] AndroidManifest.xml:26:9-28:40
97            android:name="androidx.window.sidecar"
97-->[androidx.window:window:1.5.0] AndroidManifest.xml:27:13-51
98            android:required="false" />
98-->[androidx.window:window:1.5.0] AndroidManifest.xml:28:13-37
99
100        <provider
100-->[androidx.emoji2:emoji2:1.4.0] AndroidManifest.xml:24:9-32:20
101            android:name="androidx.startup.InitializationProvider"
101-->[androidx.emoji2:emoji2:1.4.0] AndroidManifest.xml:25:13-67
102            android:authorities="com.example.raybanvision.androidx-startup"
102-->[androidx.emoji2:emoji2:1.4.0] AndroidManifest.xml:26:13-68
103            android:exported="false" >
103-->[androidx.emoji2:emoji2:1.4.0] AndroidManifest.xml:27:13-37
104            <meta-data
104-->[androidx.emoji2:emoji2:1.4.0] AndroidManifest.xml:29:13-31:52
105                android:name="androidx.emoji2.text.EmojiCompatInitializer"
105-->[androidx.emoji2:emoji2:1.4.0] AndroidManifest.xml:30:17-75
106                android:value="androidx.startup" />
106-->[androidx.emoji2:emoji2:1.4.0] AndroidManifest.xml:31:17-49
107            <meta-data
107-->[androidx.lifecycle:lifecycle-process:2.10.0] AndroidManifest.xml:29:13-31:52
108                android:name="androidx.lifecycle.ProcessLifecycleInitializer"
108-->[androidx.lifecycle:lifecycle-process:2.10.0] AndroidManifest.xml:30:17-78
109                android:value="androidx.startup" />
109-->[androidx.lifecycle:lifecycle-process:2.10.0] AndroidManifest.xml:31:17-49
110            <meta-data
110-->[androidx.profileinstaller:profileinstaller:1.4.0] AndroidManifest.xml:29:13-31:52
111                android:name="androidx.profileinstaller.ProfileInstallerInitializer"
111-->[androidx.profileinstaller:profileinstaller:1.4.0] AndroidManifest.xml:30:17-85
112                android:value="androidx.startup" />
112-->[androidx.profileinstaller:profileinstaller:1.4.0] AndroidManifest.xml:31:17-49
113        </provider>
114
115        <receiver
115-->[androidx.profileinstaller:profileinstaller:1.4.0] AndroidManifest.xml:34:9-52:20
116            android:name="androidx.profileinstaller.ProfileInstallReceiver"
116-->[androidx.profileinstaller:profileinstaller:1.4.0] AndroidManifest.xml:35:13-76
117            android:directBootAware="false"
117-->[androidx.profileinstaller:profileinstaller:1.4.0] AndroidManifest.xml:36:13-44
118            android:enabled="true"
118-->[androidx.profileinstaller:profileinstaller:1.4.0] AndroidManifest.xml:37:13-35
119            android:exported="true"
119-->[androidx.profileinstaller:profileinstaller:1.4.0] AndroidManifest.xml:38:13-36
120            android:permission="android.permission.DUMP" >
120-->[androidx.profileinstaller:profileinstaller:1.4.0] AndroidManifest.xml:39:13-57
121            <intent-filter>
121-->[androidx.profileinstaller:profileinstaller:1.4.0] AndroidManifest.xml:40:13-42:29
122                <action android:name="androidx.profileinstaller.action.INSTALL_PROFILE" />
122-->[androidx.profileinstaller:profileinstaller:1.4.0] AndroidManifest.xml:41:17-91
122-->[androidx.profileinstaller:profileinstaller:1.4.0] AndroidManifest.xml:41:25-88
123            </intent-filter>
124            <intent-filter>
124-->[androidx.profileinstaller:profileinstaller:1.4.0] AndroidManifest.xml:43:13-45:29
125                <action android:name="androidx.profileinstaller.action.SKIP_FILE" />
125-->[androidx.profileinstaller:profileinstaller:1.4.0] AndroidManifest.xml:44:17-85
125-->[androidx.profileinstaller:profileinstaller:1.4.0] AndroidManifest.xml:44:25-82
126            </intent-filter>
127            <intent-filter>
127-->[androidx.profileinstaller:profileinstaller:1.4.0] AndroidManifest.xml:46:13-48:29
128                <action android:name="androidx.profileinstaller.action.SAVE_PROFILE" />
128-->[androidx.profileinstaller:profileinstaller:1.4.0] AndroidManifest.xml:47:17-88
128-->[androidx.profileinstaller:profileinstaller:1.4.0] AndroidManifest.xml:47:25-85
129            </intent-filter>
130            <intent-filter>
130-->[androidx.profileinstaller:profileinstaller:1.4.0] AndroidManifest.xml:49:13-51:29
131                <action android:name="androidx.profileinstaller.action.BENCHMARK_OPERATION" />
131-->[androidx.profileinstaller:profileinstaller:1.4.0] AndroidManifest.xml:50:17-95
131-->[androidx.profileinstaller:profileinstaller:1.4.0] AndroidManifest.xml:50:25-92
132            </intent-filter>
133        </receiver>
134
135        <meta-data
135-->[com.facebook.soloader:soloader:0.12.1] AndroidManifest.xml:12:9-14:37
136            android:name="com.facebook.soloader.enabled"
136-->[com.facebook.soloader:soloader:0.12.1] AndroidManifest.xml:13:13-57
137            android:value="false" />
137-->[com.facebook.soloader:soloader:0.12.1] AndroidManifest.xml:14:13-34
138    </application>
139
140</manifest>